<?xml version="1.0" encoding="UTF-8"?>
<testsuite xmlns:xsi="http://www.w3.org/2001/XMLSchema-instance" xsi:schemaLocation="https://maven.apache.org/surefire/maven-surefire-plugin/xsd/surefire-test-report.xsd" name="TestSuite" time="108.542" tests="35" errors="0" skipped="0" failures="0">
  <properties>
    <property name="java.runtime.name" value="Java(TM) SE Runtime Environment"/>
    <property name="sun.boot.library.path" value="D:\Program Files\Java\jdk1.8.0_31\jre\bin"/>
    <property name="java.vm.version" value="25.31-b07"/>
    <property name="java.vm.vendor" value="Oracle Corporation"/>
    <property name="maven.multiModuleProjectDirectory" value="E:\DB\eclipse\workspace\BBoxTest"/>
    <property name="java.vendor.url" value="http://java.oracle.com/"/>
    <property name="path.separator" value=";"/>
    <property name="guice.disable.misplaced.annotation.check" value="true"/>
    <property name="java.vm.name" value="Java HotSpot(TM) 64-Bit Server VM"/>
    <property name="file.encoding.pkg" value="sun.io"/>
    <property name="user.script" value=""/>
    <property name="user.country" value="CN"/>
    <property name="sun.java.launcher" value="SUN_STANDARD"/>
    <property name="sun.os.patch.level" value="Service Pack 1"/>
    <property name="java.vm.specification.name" value="Java Virtual Machine Specification"/>
    <property name="user.dir" value="E:\DB\eclipse\workspace\BBoxTest"/>
    <property name="java.runtime.version" value="1.8.0_31-b13"/>
    <property name="java.awt.graphicsenv" value="sun.awt.Win32GraphicsEnvironment"/>
    <property name="java.endorsed.dirs" value="D:\Program Files\Java\jdk1.8.0_31\jre\lib\endorsed"/>
    <property name="os.arch" value="amd64"/>
    <property name="java.io.tmpdir" value="C:\Users\ADMINI~1\AppData\Local\Temp\"/>
    <property name="line.separator" value="&#10;"/>
    <property name="java.vm.specification.vendor" value="Oracle Corporation"/>
    <property name="user.variant" value=""/>
    <property name="os.name" value="Windows 7"/>
    <property name="classworlds.conf" value="E:\DB\apache-maven-3.5.2\bin\..\bin\m2.conf"/>
    <property name="sun.jnu.encoding" value="GBK"/>
    <property name="java.library.path" value="D:\Program Files\Java\jdk1.8.0_31\bin;C:\Windows\Sun\Java\bin;C:\Windows\system32;C:\Windows;F:\1-DB\cmder\bin;F:\1-DB\cmder\vendor\git-for-windows\cmd;F:\1-DB\cmder\vendor\conemu-maximus5\ConEmu\Scripts;F:\1-DB\cmder\vendor\conemu-maximus5;F:\1-DB\cmder\vendor\conemu-maximus5\ConEmu;D:\Program Files\Java\jdk1.8.0_31\bin;D:\Program Files\Java\jdk1.8.0_31\jre\bin;C:\ProgramData\Oracle\Java\javapath;C:\Program Files (x86)\Common Files\NetSarang;C:\Windows\system32;C:\Windows;C:\Windows\System32\Wbem;C:\Windows\System32\WindowsPowerShell\v1.0\;C:\Program Files (x86)\NVIDIA Corporation\PhysX\Common;C:\Windows\Help\1.3.4.2;C:\Windows\Help\1.3.4.2\;D:\Debugging Tools for Windows (x64)\;C:\Python34;C:\Program Files\TortoiseSVN\bin;C:\Program Files\EmEditor;E:\android-sdk-windows\platform-tools;F:\1-DB\cmder;D:\apache-jmeter-4.0\bin;C:\Program Files (x86)\Appium\node_modules\.bin;C:\Program Files\nodejs\;E:\DB\apache-maven-3.5.2\bin;C:\Users\Administrator\AppData\Roaming\npm;F:\1-DB\cmder\vendor\git-for-windows\cmd;F:\1-DB\cmder\vendor\git-for-windows\mingw64;F:\1-DB\cmder\vendor\git-for-windows\usr\bin;."/>
    <property name="maven.conf" value="E:\DB\apache-maven-3.5.2\bin\../conf"/>
    <property name="java.specification.name" value="Java Platform API Specification"/>
    <property name="java.class.version" value="52.0"/>
    <property name="sun.management.compiler" value="HotSpot 64-Bit Tiered Compilers"/>
    <property name="os.version" value="6.1"/>
    <property name="library.jansi.path" value="E:\DB\apache-maven-3.5.2\bin\..\lib\jansi-native"/>
    <property name="user.home" value="C:\Users\Administrator"/>
    <property name="user.timezone" value="Asia/Shanghai"/>
    <property name="java.awt.printerjob" value="sun.awt.windows.WPrinterJob"/>
    <property name="java.specification.version" value="1.8"/>
    <property name="file.encoding" value="GBK"/>
    <property name="user.name" value="Administrator"/>
    <property name="java.class.path" value="E:\DB\apache-maven-3.5.2\bin\..\boot\plexus-classworlds-2.5.2.jar"/>
    <property name="java.vm.specification.version" value="1.8"/>
    <property name="sun.arch.data.model" value="64"/>
    <property name="java.home" value="D:\Program Files\Java\jdk1.8.0_31\jre"/>
    <property name="sun.java.command" value="org.codehaus.plexus.classworlds.launcher.Launcher test"/>
    <property name="java.specification.vendor" value="Oracle Corporation"/>
    <property name="user.language" value="zh"/>
    <property name="awt.toolkit" value="sun.awt.windows.WToolkit"/>
    <property name="java.vm.info" value="mixed mode"/>
    <property name="java.version" value="1.8.0_31"/>
    <property name="java.ext.dirs" value="D:\Program Files\Java\jdk1.8.0_31\jre\lib\ext;C:\Windows\Sun\Java\lib\ext"/>
    <property name="sun.boot.class.path" value="D:\Program Files\Java\jdk1.8.0_31\jre\lib\resources.jar;D:\Program Files\Java\jdk1.8.0_31\jre\lib\rt.jar;D:\Program Files\Java\jdk1.8.0_31\jre\lib\sunrsasign.jar;D:\Program Files\Java\jdk1.8.0_31\jre\lib\jsse.jar;D:\Program Files\Java\jdk1.8.0_31\jre\lib\jce.jar;D:\Program Files\Java\jdk1.8.0_31\jre\lib\charsets.jar;D:\Program Files\Java\jdk1.8.0_31\jre\lib\jfr.jar;D:\Program Files\Java\jdk1.8.0_31\jre\classes"/>
    <property name="sun.stderr.encoding" value="ms936"/>
    <property name="java.vendor" value="Oracle Corporation"/>
    <property name="maven.home" value="E:\DB\apache-maven-3.5.2\bin\.."/>
    <property name="file.separator" value="\"/>
    <property name="java.vendor.url.bug" value="http://bugreport.sun.com/bugreport/"/>
    <property name="sun.cpu.endian" value="little"/>
    <property name="sun.io.unicode.encoding" value="UnicodeLittle"/>
    <property name="sun.stdout.encoding" value="ms936"/>
    <property name="sun.desktop" value="windows"/>
    <property name="sun.cpu.isalist" value="amd64"/>
  </properties>
  <testcase name="testAdvanced" classname="com.beeboxes.setting.testcase.TestSettingsActivity" time="13.889"/>
  <testcase name="testAboutDevice" classname="com.beeboxes.setting.testcase.TestSettingsActivity" time="1.614"/>
  <testcase name="testStorageUsage" classname="com.beeboxes.setting.testcase.TestSettingsActivity" time="1.64"/>
  <testcase name="testTodayStatistics" classname="com.beeboxes.setting.testcase.TestSettingsActivity" time="1.558"/>
  <testcase name="testCommonSetting" classname="com.beeboxes.setting.testcase.TestSettingsActivity" time="1.675"/>
  <testcase name="testFaceRecognizeSetting" classname="com.beeboxes.setting.testcase.TestSettingsActivity" time="1.565"/>
  <testcase name="testMoreComparison" classname="com.beeboxes.setting.testcase.TestSettingsActivity" time="1.55"/>
  <testcase name="testPersonRules" classname="com.beeboxes.setting.testcase.TestSettingsActivity" time="1.573"/>
  <testcase name="testDeviceRules" classname="com.beeboxes.setting.testcase.TestSettingsActivity" time="4.475"/>
  <testcase name="testNetworkSetting" classname="com.beeboxes.setting.testcase.TestSettingsActivity" time="1.549"/>
  <testcase name="testBlutoothSetting" classname="com.beeboxes.setting.testcase.TestSettingsActivity" time="1.753"/>
  <testcase name="testTimeSetting" classname="com.beeboxes.setting.testcase.TestSettingsActivity" time="1.771"/>
  <testcase name="testRebootDevice" classname="com.beeboxes.setting.testcase.TestSettingsActivity" time="4.636"/>
  <testcase name="testRestoreFactorySettings" classname="com.beeboxes.setting.testcase.TestSettingsActivity" time="4.017"/>
  <testcase name="testResetSettings" classname="com.beeboxes.setting.testcase.TestSettingsActivity" time="6.466"/>
  <testcase name="testExportFile" classname="com.beeboxes.setting.testcase.TestSettingsActivity" time="0.995"/>
  <testcase name="testOpenDoor" classname="com.beeboxes.setting.testcase.TestSettingsActivity" time="4.554"/>
  <testcase name="testAlwaysOpenDoor" classname="com.beeboxes.setting.testcase.TestSettingsActivity" time="1.585"/>
  <testcase name="testSystemUpdate" classname="com.beeboxes.setting.testcase.TestSettingsActivity" time="1.053"/>
  <testcase name="testDeviceManager" classname="com.beeboxes.setting.testcase.TestSettingsActivity" time="1.572"/>
  <testcase name="testDeviceManager" classname="com.beeboxes.setting.testcase.TestSettingsActivity" time="1.558"/>
  <testcase name="testDeviceManager" classname="com.beeboxes.setting.testcase.TestSettingsActivity" time="1.564"/>
  <testcase name="testAdvanced" classname="com.beeboxes.setting.testcase.TestAdvancedSettingActivity" time="12.158"/>
  <testcase name="testCameraEffectSetting" classname="com.beeboxes.setting.testcase.TestAdvancedSettingActivity" time="1.136"/>
  <testcase name="testCameraEffectSetting" classname="com.beeboxes.setting.testcase.TestAdvancedSettingActivity" time="1.62"/>
  <testcase name="testCameraEffectSetting" classname="com.beeboxes.setting.testcase.TestAdvancedSettingActivity" time="1.603"/>
  <testcase name="testRecognitionRecordSetting" classname="com.beeboxes.setting.testcase.TestAdvancedSettingActivity" time="1.457"/>
  <testcase name="testRecognitionRecordSetting" classname="com.beeboxes.setting.testcase.TestAdvancedSettingActivity" time="1.534"/>
  <testcase name="testRecognitionRecordSetting" classname="com.beeboxes.setting.testcase.TestAdvancedSettingActivity" time="1.489"/>
  <testcase name="testTipsCustomSetting" classname="com.beeboxes.setting.testcase.TestAdvancedSettingActivity" time="1.466"/>
  <testcase name="testTipsCustomSetting" classname="com.beeboxes.setting.testcase.TestAdvancedSettingActivity" time="1.503"/>
  <testcase name="testTipsCustomSetting" classname="com.beeboxes.setting.testcase.TestAdvancedSettingActivity" time="1.487"/>
  <testcase name="testStandbySetting" classname="com.beeboxes.setting.testcase.TestAdvancedSettingActivity" time="1.529"/>
  <testcase name="testStandbySetting" classname="com.beeboxes.setting.testcase.TestAdvancedSettingActivity" time="1.501"/>
  <testcase name="testStandbySetting" classname="com.beeboxes.setting.testcase.TestAdvancedSettingActivity" time="1.513"/>
</testsuite>